{"/Users/johntucker/Documents/fe-ts-monorepo/packages/components/src/Hello/Hello.tsx": {"path":"/Users/johntucker/Documents/fe-ts-monorepo/packages/components/src/Hello/Hello.tsx","statementMap":{"0":{"start":{"line":5,"column":14},"end":{"line":11,"column":1}},"1":{"start":{"line":5,"column":20},"end":{"line":11,"column":1}}},"fnMap":{"0":{"name":"(anonymous_0)","decl":{"start":{"line":5,"column":14},"end":{"line":5,"column":19}},"loc":{"start":{"line":5,"column":14},"end":{"line":11,"column":1}}}},"branchMap":{},"s":{"0":1,"1":1},"f":{"0":1},"b":{}}
}
